<?xml version="1.0" encoding="UTF-8"?>
<!-- Generated by org.testng.reporters.JUnitReportReporter -->
<testsuite hostname="ICS-LT-1TM1DN3" failures="0" tests="3" name="testCases.TC003_LoginDataDrivenTest" time="14.106" errors="0" timestamp="2025-01-10T14:49:37 EST" skipped="0">
  <testcase classname="testCases.TC003_LoginDataDrivenTest" name="loginDDTTest" time="11.019"/>
  <system-out/>
  <testcase classname="testCases.TC003_LoginDataDrivenTest" name="loginDDTTest" time="1.532"/>
  <system-out/>
  <testcase classname="testCases.TC003_LoginDataDrivenTest" name="loginDDTTest" time="1.555"/>
  <system-out/>
</testsuite> <!-- testCases.TC003_LoginDataDrivenTest -->
