<?xml version="1.0" encoding="UTF-8"?>
<!-- Generated by org.testng.reporters.JUnitReportReporter -->
<testsuite hostname="ICS-LT-1TM1DN3" failures="0" tests="1" name="demo.testNG.grouping.LoginGroupTest" time="0.008" errors="0" timestamp="2024-12-20T15:37:33 EST" skipped="0">
  <testcase classname="demo.testNG.grouping.LoginGroupTest" name="testInstaLogin" time="0.008"/>
  <system-out/>
</testsuite> <!-- demo.testNG.grouping.LoginGroupTest -->
