<?xml version="1.0" encoding="UTF-8"?>
<!-- Generated by org.testng.reporters.JUnitReportReporter -->
<testsuite hostname="ICS-LT-1TM1DN3" failures="0" tests="3" name="demo.testNG.grouping.PaymentTest" time="0.011" errors="0" timestamp="2024-12-23T09:07:41 EST" skipped="0">
  <testcase classname="demo.testNG.grouping.PaymentTest" name="payWithRupees" time="0.009"/>
  <system-out/>
  <testcase classname="demo.testNG.grouping.PaymentTest" name="payWithDollar" time="0.001"/>
  <system-out/>
  <testcase classname="demo.testNG.grouping.PaymentTest" name="payWithPound" time="0.001"/>
  <system-out/>
</testsuite> <!-- demo.testNG.grouping.PaymentTest -->
