<?xml version="1.0" encoding="UTF-8"?>
<!-- Generated by org.testng.reporters.JUnitReportReporter -->
<testsuite hostname="ICS-LT-1TM1DN3" failures="0" tests="1" name="demo.pom.TestLoginWithPageFactory" time="1.773" errors="0" timestamp="2024-12-23T13:35:26 EST" skipped="0">
  <testcase classname="demo.pom.TestLoginWithPageFactory" name="testLogin" time="1.773"/>
  <system-out/>
</testsuite> <!-- demo.pom.TestLoginWithPageFactory -->
