<?xml version="1.0" encoding="UTF-8"?>
<!-- Generated by org.testng.reporters.JUnitReportReporter -->
<testsuite hostname="ICS-LT-1TM1DN3" failures="0" tests="1" name="demo.pom.TestLogin" time="1.775" errors="0" timestamp="2024-12-23T13:20:23 EST" skipped="0">
  <testcase classname="demo.pom.TestLogin" name="testLogin" time="1.775"/>
  <system-out/>
</testsuite> <!-- demo.pom.TestLogin -->
