<?xml version="1.0" encoding="UTF-8"?>
<!-- Generated by org.testng.reporters.JUnitReportReporter -->
<testsuite hostname="ICS-LT-1TM1DN3" failures="0" tests="3" name="demo.testNG.FirstTestCase" time="0.002" errors="0" timestamp="2024-12-20T06:14:21 EST" skipped="0">
  <testcase classname="demo.testNG.FirstTestCase" name="openApp" time="0.002"/>
  <system-out/>
  <testcase classname="demo.testNG.FirstTestCase" name="loginApp" time="0.000"/>
  <system-out/>
  <testcase classname="demo.testNG.FirstTestCase" name="logoutApp" time="0.000"/>
  <system-out/>
</testsuite> <!-- demo.testNG.FirstTestCase -->
