<?xml version="1.0" encoding="UTF-8"?>
<!-- Generated by org.testng.reporters.JUnitReportReporter -->
<testsuite hostname="ICS-LT-1TM1DN3" failures="0" tests="4" name="demo.testNG.OrangeHRMTest" time="9.935" errors="0" timestamp="2024-12-20T06:18:11 EST" skipped="0">
  <testcase classname="demo.testNG.OrangeHRMTest" name="openApp" time="6.498"/>
  <system-out/>
  <testcase classname="demo.testNG.OrangeHRMTest" name="logoTest" time="3.048"/>
  <system-out/>
  <testcase classname="demo.testNG.OrangeHRMTest" name="loginTest" time="0.190"/>
  <system-out/>
  <testcase classname="demo.testNG.OrangeHRMTest" name="closeApp" time="0.199"/>
  <system-out/>
</testsuite> <!-- demo.testNG.OrangeHRMTest -->
