<?xml version="1.0" encoding="UTF-8"?>
<!-- Generated by org.testng.reporters.JUnitReportReporter -->
<testsuite hostname="ICS-LT-1TM1DN3" failures="0" tests="1" name="testCases.TC001_AccountRegistrationTest" time="1.691" errors="0" timestamp="2025-01-10T15:19:17 EST" skipped="0">
  <testcase classname="testCases.TC001_AccountRegistrationTest" name="testRegistration" time="1.691"/>
  <system-out/>
</testsuite> <!-- testCases.TC001_AccountRegistrationTest -->
