<?xml version="1.0" encoding="UTF-8"?>
<!-- Generated by org.testng.reporters.JUnitReportReporter -->
<testsuite hostname="ICS-LT-1TM1DN3" failures="0" tests="2" name="demo.testNG.annotations.AllAnnotationsDemo" time="0.009" errors="0" timestamp="2024-12-20T15:51:02 EST" skipped="0">
  <testcase classname="demo.testNG.annotations.AllAnnotationsDemo" name="m3" time="0.008"/>
  <system-out/>
  <testcase classname="demo.testNG.annotations.AllAnnotationsDemo" name="m4" time="0.001"/>
  <system-out/>
</testsuite> <!-- demo.testNG.annotations.AllAnnotationsDemo -->
