<?xml version="1.0" encoding="UTF-8"?>
<!-- Generated by org.testng.reporters.JUnitReportReporter -->
<testsuite hostname="ICS-LT-1TM1DN3" failures="0" tests="2" name="demo.testNG.AnnotationsDemo" time="0.036" errors="0" timestamp="2024-12-20T11:44:00 EST" skipped="0">
  <testcase classname="demo.testNG.AnnotationsDemo" name="searchText" time="0.031"/>
  <system-out/>
  <testcase classname="demo.testNG.AnnotationsDemo" name="searchAdvText" time="0.005"/>
  <system-out/>
</testsuite> <!-- demo.testNG.AnnotationsDemo -->
